C:\USERS\TED\DOCUMENTS\VISUAL STUDIO 2010\PROJECTS\FANTASY SAGA D TYPE VS 2010 PROJECT\DEBUG\FANTASY SAGA D TYPE.BSC
C:\USERS\TED\DOCUMENTS\VISUAL STUDIO 2010\PROJECTS\FANTASY SAGA D TYPE VS 2010 PROJECT\DEBUG\FANTASY SAGA D TYPE.EXE
C:\USERS\TED\DOCUMENTS\VISUAL STUDIO 2010\PROJECTS\FANTASY SAGA D TYPE VS 2010 PROJECT\DEBUG\FANTASY SAGA D TYPE.ILK
C:\USERS\TED\DOCUMENTS\VISUAL STUDIO 2010\PROJECTS\FANTASY SAGA D TYPE VS 2010 PROJECT\DEBUG\FANTASY SAGA D TYPE.PDB;
C:\Users\Ted\Documents\Visual Studio 2010\Projects\Fantasy Saga D Type VS 2010 Project\Fantasy Saga D Type\Debug\BscMake.command.1.tlog
C:\Users\Ted\Documents\Visual Studio 2010\Projects\Fantasy Saga D Type VS 2010 Project\Fantasy Saga D Type\Debug\bscmake.read.1.tlog
C:\Users\Ted\Documents\Visual Studio 2010\Projects\Fantasy Saga D Type VS 2010 Project\Fantasy Saga D Type\Debug\bscmake.write.1.tlog
C:\Users\Ted\Documents\Visual Studio 2010\Projects\Fantasy Saga D Type VS 2010 Project\Fantasy Saga D Type\Debug\cl.command.1.tlog
C:\Users\Ted\Documents\Visual Studio 2010\Projects\Fantasy Saga D Type VS 2010 Project\Fantasy Saga D Type\Debug\CL.read.1.tlog
C:\Users\Ted\Documents\Visual Studio 2010\Projects\Fantasy Saga D Type VS 2010 Project\Fantasy Saga D Type\Debug\CL.write.1.tlog
C:\USERS\TED\DOCUMENTS\VISUAL STUDIO 2010\PROJECTS\FANTASY SAGA D TYPE VS 2010 PROJECT\FANTASY SAGA D TYPE\DEBUG\CROSSEXECTUABLEFUNCTIONS.OBJ
C:\USERS\TED\DOCUMENTS\VISUAL STUDIO 2010\PROJECTS\FANTASY SAGA D TYPE VS 2010 PROJECT\FANTASY SAGA D TYPE\DEBUG\CROSSEXECTUABLEFUNCTIONS.SBR
C:\USERS\TED\DOCUMENTS\VISUAL STUDIO 2010\PROJECTS\FANTASY SAGA D TYPE VS 2010 PROJECT\FANTASY SAGA D TYPE\DEBUG\FANTASY SAGA D TYPE.EXE.EMBED.MANIFEST
C:\USERS\TED\DOCUMENTS\VISUAL STUDIO 2010\PROJECTS\FANTASY SAGA D TYPE VS 2010 PROJECT\FANTASY SAGA D TYPE\DEBUG\FANTASY SAGA D TYPE.EXE.EMBED.MANIFEST.RES
C:\USERS\TED\DOCUMENTS\VISUAL STUDIO 2010\PROJECTS\FANTASY SAGA D TYPE VS 2010 PROJECT\FANTASY SAGA D TYPE\DEBUG\FANTASY SAGA D TYPE.EXE.INTERMEDIATE.MANIFEST
C:\Users\Ted\Documents\Visual Studio 2010\Projects\Fantasy Saga D Type VS 2010 Project\Fantasy Saga D Type\Debug\Fantasy Saga D Type_manifest.rc
C:\Users\Ted\Documents\Visual Studio 2010\Projects\Fantasy Saga D Type VS 2010 Project\Fantasy Saga D Type\Debug\link.command.1.tlog
C:\Users\Ted\Documents\Visual Studio 2010\Projects\Fantasy Saga D Type VS 2010 Project\Fantasy Saga D Type\Debug\link.read.1.tlog
C:\Users\Ted\Documents\Visual Studio 2010\Projects\Fantasy Saga D Type VS 2010 Project\Fantasy Saga D Type\Debug\link.write.1.tlog
C:\Users\Ted\Documents\Visual Studio 2010\Projects\Fantasy Saga D Type VS 2010 Project\Fantasy Saga D Type\Debug\link-cvtres.read.1.tlog
C:\Users\Ted\Documents\Visual Studio 2010\Projects\Fantasy Saga D Type VS 2010 Project\Fantasy Saga D Type\Debug\link-cvtres.write.1.tlog
C:\USERS\TED\DOCUMENTS\VISUAL STUDIO 2010\PROJECTS\FANTASY SAGA D TYPE VS 2010 PROJECT\FANTASY SAGA D TYPE\DEBUG\MAIN.OBJ
C:\USERS\TED\DOCUMENTS\VISUAL STUDIO 2010\PROJECTS\FANTASY SAGA D TYPE VS 2010 PROJECT\FANTASY SAGA D TYPE\DEBUG\MAIN.SBR
C:\Users\Ted\Documents\Visual Studio 2010\Projects\Fantasy Saga D Type VS 2010 Project\Fantasy Saga D Type\Debug\mt.command.1.tlog
C:\Users\Ted\Documents\Visual Studio 2010\Projects\Fantasy Saga D Type VS 2010 Project\Fantasy Saga D Type\Debug\mt.read.1.tlog
C:\Users\Ted\Documents\Visual Studio 2010\Projects\Fantasy Saga D Type VS 2010 Project\Fantasy Saga D Type\Debug\mt.write.1.tlog
C:\Users\Ted\Documents\Visual Studio 2010\Projects\Fantasy Saga D Type VS 2010 Project\Fantasy Saga D Type\Debug\rc.command.1.tlog
C:\Users\Ted\Documents\Visual Studio 2010\Projects\Fantasy Saga D Type VS 2010 Project\Fantasy Saga D Type\Debug\rc.read.1.tlog
C:\Users\Ted\Documents\Visual Studio 2010\Projects\Fantasy Saga D Type VS 2010 Project\Fantasy Saga D Type\Debug\rc.write.1.tlog
C:\Users\Ted\Documents\Visual Studio 2010\Projects\Fantasy Saga D Type VS 2010 Project\Fantasy Saga D Type\Debug\vc100.idb
C:\USERS\TED\DOCUMENTS\VISUAL STUDIO 2010\PROJECTS\FANTASY SAGA D TYPE VS 2010 PROJECT\FANTASY SAGA D TYPE\DEBUG\VC100.PDB
