C:\USERS\TED\DOCUMENTS\VISUAL STUDIO 2010\PROJECTS\FANTASY SAGA D TYPE VS 2010 PROJECT\DEBUG\FANTASY SAGA D TYPE GAME MAP EDITOR.EXE
C:\USERS\TED\DOCUMENTS\VISUAL STUDIO 2010\PROJECTS\FANTASY SAGA D TYPE VS 2010 PROJECT\DEBUG\FANTASY SAGA D TYPE GAME MAP EDITOR.ILK
C:\USERS\TED\DOCUMENTS\VISUAL STUDIO 2010\PROJECTS\FANTASY SAGA D TYPE VS 2010 PROJECT\DEBUG\FANTASY SAGA D TYPE GAME MAP EDITOR.PDB
C:\Users\Ted\Documents\Visual Studio 2010\Projects\Fantasy Saga D Type VS 2010 Project\Fantasy Saga D Type Game Map Editor\Debug\cl.command.1.tlog
C:\Users\Ted\Documents\Visual Studio 2010\Projects\Fantasy Saga D Type VS 2010 Project\Fantasy Saga D Type Game Map Editor\Debug\CL.read.1.tlog
C:\Users\Ted\Documents\Visual Studio 2010\Projects\Fantasy Saga D Type VS 2010 Project\Fantasy Saga D Type Game Map Editor\Debug\CL.write.1.tlog
C:\USERS\TED\DOCUMENTS\VISUAL STUDIO 2010\PROJECTS\FANTASY SAGA D TYPE VS 2010 PROJECT\FANTASY SAGA D TYPE GAME MAP EDITOR\DEBUG\CROSSEXECTUABLEFUNCTIONS.OBJ
C:\USERS\TED\DOCUMENTS\VISUAL STUDIO 2010\PROJECTS\FANTASY SAGA D TYPE VS 2010 PROJECT\FANTASY SAGA D TYPE GAME MAP EDITOR\DEBUG\FANTASY SAGA D TYPE GAME MAP EDITOR.EXE.EMBED.MANIFEST
C:\USERS\TED\DOCUMENTS\VISUAL STUDIO 2010\PROJECTS\FANTASY SAGA D TYPE VS 2010 PROJECT\FANTASY SAGA D TYPE GAME MAP EDITOR\DEBUG\FANTASY SAGA D TYPE GAME MAP EDITOR.EXE.EMBED.MANIFEST.RES
C:\USERS\TED\DOCUMENTS\VISUAL STUDIO 2010\PROJECTS\FANTASY SAGA D TYPE VS 2010 PROJECT\FANTASY SAGA D TYPE GAME MAP EDITOR\DEBUG\FANTASY SAGA D TYPE GAME MAP EDITOR.EXE.INTERMEDIATE.MANIFEST
C:\Users\Ted\Documents\Visual Studio 2010\Projects\Fantasy Saga D Type VS 2010 Project\Fantasy Saga D Type Game Map Editor\Debug\Fantasy Saga D Type Game Map Editor.write.1.tlog
C:\Users\Ted\Documents\Visual Studio 2010\Projects\Fantasy Saga D Type VS 2010 Project\Fantasy Saga D Type Game Map Editor\Debug\Fantasy Saga D Type Game Map Editor_manifest.rc
C:\Users\Ted\Documents\Visual Studio 2010\Projects\Fantasy Saga D Type VS 2010 Project\Fantasy Saga D Type Game Map Editor\Debug\link.command.1.tlog
C:\Users\Ted\Documents\Visual Studio 2010\Projects\Fantasy Saga D Type VS 2010 Project\Fantasy Saga D Type Game Map Editor\Debug\link.read.1.tlog
C:\Users\Ted\Documents\Visual Studio 2010\Projects\Fantasy Saga D Type VS 2010 Project\Fantasy Saga D Type Game Map Editor\Debug\link.write.1.tlog
C:\Users\Ted\Documents\Visual Studio 2010\Projects\Fantasy Saga D Type VS 2010 Project\Fantasy Saga D Type Game Map Editor\Debug\link-cvtres.read.1.tlog
C:\Users\Ted\Documents\Visual Studio 2010\Projects\Fantasy Saga D Type VS 2010 Project\Fantasy Saga D Type Game Map Editor\Debug\link-cvtres.write.1.tlog
C:\USERS\TED\DOCUMENTS\VISUAL STUDIO 2010\PROJECTS\FANTASY SAGA D TYPE VS 2010 PROJECT\FANTASY SAGA D TYPE GAME MAP EDITOR\DEBUG\MAIN.OBJ
C:\Users\Ted\Documents\Visual Studio 2010\Projects\Fantasy Saga D Type VS 2010 Project\Fantasy Saga D Type Game Map Editor\Debug\mt.command.1.tlog
C:\Users\Ted\Documents\Visual Studio 2010\Projects\Fantasy Saga D Type VS 2010 Project\Fantasy Saga D Type Game Map Editor\Debug\mt.read.1.tlog
C:\Users\Ted\Documents\Visual Studio 2010\Projects\Fantasy Saga D Type VS 2010 Project\Fantasy Saga D Type Game Map Editor\Debug\mt.write.1.tlog
C:\Users\Ted\Documents\Visual Studio 2010\Projects\Fantasy Saga D Type VS 2010 Project\Fantasy Saga D Type Game Map Editor\Debug\rc.command.1.tlog
C:\Users\Ted\Documents\Visual Studio 2010\Projects\Fantasy Saga D Type VS 2010 Project\Fantasy Saga D Type Game Map Editor\Debug\rc.read.1.tlog
C:\Users\Ted\Documents\Visual Studio 2010\Projects\Fantasy Saga D Type VS 2010 Project\Fantasy Saga D Type Game Map Editor\Debug\rc.write.1.tlog
C:\Users\Ted\Documents\Visual Studio 2010\Projects\Fantasy Saga D Type VS 2010 Project\Fantasy Saga D Type Game Map Editor\Debug\vc100.idb
C:\USERS\TED\DOCUMENTS\VISUAL STUDIO 2010\PROJECTS\FANTASY SAGA D TYPE VS 2010 PROJECT\FANTASY SAGA D TYPE GAME MAP EDITOR\DEBUG\VC100.PDB
